{"numTotalTestSuites":12,"numPassedTestSuites":12,"numFailedTestSuites":0,"numPendingTestSuites":0,"numTotalTests":12,"numPassedTests":12,"numFailedTests":0,"numPendingTests":0,"numTodoTests":0,"snapshot":{"added":0,"failure":false,"filesAdded":0,"filesRemoved":0,"filesRemovedList":[],"filesUnmatched":0,"filesUpdated":0,"matched":0,"total":0,"unchecked":0,"uncheckedKeysByFile":[],"unmatched":0,"updated":0,"didUpdate":false},"startTime":1770864260040,"success":true,"testResults":[{"assertionResults":[{"ancestorTitles":["P0 navigation config"],"fullName":"P0 navigation config contains required top-level categories","status":"passed","title":"contains required top-level categories","duration":0.8468749999999545,"failureMessages":[],"meta":{}},{"ancestorTitles":["P0 navigation config"],"fullName":"P0 navigation config ensures each nav item has valid route and i18n key","status":"passed","title":"ensures each nav item has valid route and i18n key","duration":0.6215419999999767,"failureMessages":[],"meta":{}}],"startTime":1770864260911,"endTime":1770864260912.6216,"status":"passed","message":"","name":"/Users/xuxianbang/Documents/payroll system/China/payroll-app/src/config/p0.navigation.unit.spec.ts"},{"assertionResults":[{"ancestorTitles":["P0 i18n"],"fullName":"P0 i18n switches among zh-CN, zh-HK and en with correct app name","status":"passed","title":"switches among zh-CN, zh-HK and en with correct app name","duration":2.1748329999999214,"failureMessages":[],"meta":{}}],"startTime":1770864260960,"endTime":1770864260962.1748,"status":"passed","message":"","name":"/Users/xuxianbang/Documents/payroll system/China/payroll-app/src/i18n/p0.i18n.unit.spec.ts"},{"assertionResults":[{"ancestorTitles":["P0 electron store bridge"],"fullName":"P0 electron store bridge returns null when preload bridge is unavailable","status":"passed","title":"returns null when preload bridge is unavailable","duration":0.6705000000000609,"failureMessages":[],"meta":{}},{"ancestorTitles":["P0 electron store bridge"],"fullName":"P0 electron store bridge reads ui state from preload bridge","status":"passed","title":"reads ui state from preload bridge","duration":3.2512080000000196,"failureMessages":[],"meta":{}},{"ancestorTitles":["P0 electron store bridge"],"fullName":"P0 electron store bridge writes ui state to preload bridge","status":"passed","title":"writes ui state to preload bridge","duration":0.435292000000004,"failureMessages":[],"meta":{}}],"startTime":1770864260922,"endTime":1770864260926.4353,"status":"passed","message":"","name":"/Users/xuxianbang/Documents/payroll system/China/payroll-app/src/lib/p0.electron-bridge.unit.spec.ts"},{"assertionResults":[{"ancestorTitles":["cn"],"fullName":"cn merges tailwind classes with later override","status":"passed","title":"merges tailwind classes with later override","duration":4.888249999999971,"failureMessages":[],"meta":{}}],"startTime":1770864260919,"endTime":1770864260923.8882,"status":"passed","message":"","name":"/Users/xuxianbang/Documents/payroll system/China/payroll-app/src/lib/utils.test.ts"},{"assertionResults":[{"ancestorTitles":["P0 layout navigation"],"fullName":"P0 layout navigation shows month picker on payroll routes","status":"passed","title":"shows month picker on payroll routes","duration":36.07158400000003,"failureMessages":[],"meta":{}},{"ancestorTitles":["P0 layout navigation"],"fullName":"P0 layout navigation opens panel after clicking menu button","status":"passed","title":"opens panel after clicking menu button","duration":117.62587500000018,"failureMessages":[],"meta":{}}],"startTime":1770864261219,"endTime":1770864261372.626,"status":"passed","message":"","name":"/Users/xuxianbang/Documents/payroll system/China/payroll-app/src/layouts/p0.layout-navigation.component.spec.tsx"},{"assertionResults":[{"ancestorTitles":["P0 app store"],"fullName":"P0 app store initial state shape is valid","status":"passed","title":"initial state shape is valid","duration":1.2372919999999112,"failureMessages":[],"meta":{}},{"ancestorTitles":["P0 app store"],"fullName":"P0 app store toggleNavPanel toggles open/close state","status":"passed","title":"toggleNavPanel toggles open/close state","duration":0.18375000000003183,"failureMessages":[],"meta":{}},{"ancestorTitles":["P0 app store"],"fullName":"P0 app store hydrateExternalState updates language and month from persisted source","status":"passed","title":"hydrateExternalState updates language and month from persisted source","duration":0.11249999999995453,"failureMessages":[],"meta":{}}],"startTime":1770864260929,"endTime":1770864260931.1838,"status":"passed","message":"","name":"/Users/xuxianbang/Documents/payroll system/China/payroll-app/src/stores/p0.app-store.unit.spec.ts"}]}
