{"numTotalTestSuites":8,"numPassedTestSuites":8,"numFailedTestSuites":0,"numPendingTestSuites":0,"numTotalTests":13,"numPassedTests":13,"numFailedTests":0,"numPendingTests":0,"numTodoTests":0,"snapshot":{"added":0,"failure":false,"filesAdded":0,"filesRemoved":0,"filesRemovedList":[],"filesUnmatched":0,"filesUpdated":0,"matched":0,"total":0,"unchecked":0,"uncheckedKeysByFile":[],"unmatched":0,"updated":0,"didUpdate":false},"startTime":1770877634703,"success":true,"testResults":[{"assertionResults":[{"ancestorTitles":["P1 db admin bridge"],"fullName":"P1 db admin bridge returns null when db bridge is unavailable","status":"passed","title":"returns null when db bridge is unavailable","duration":0.6942090000000007,"failureMessages":[],"meta":{}},{"ancestorTitles":["P1 db admin bridge"],"fullName":"P1 db admin bridge reads db runtime info from preload bridge","status":"passed","title":"reads db runtime info from preload bridge","duration":1.5209999999999582,"failureMessages":[],"meta":{}},{"ancestorTitles":["P1 db admin bridge"],"fullName":"P1 db admin bridge calls reset via preload bridge","status":"passed","title":"calls reset via preload bridge","duration":0.9842919999999822,"failureMessages":[],"meta":{}}],"startTime":1770877635431,"endTime":1770877635434.9844,"status":"passed","message":"","name":"/Users/xuxianbang/Documents/payroll system/China/payroll-app/src/lib/p1.db-admin-bridge.unit.spec.ts"},{"assertionResults":[{"ancestorTitles":["P1 db config"],"fullName":"P1 db config defaults to production-safe modes for invalid env values","status":"passed","title":"defaults to production-safe modes for invalid env values","duration":1.388832999999977,"failureMessages":[],"meta":{}},{"ancestorTitles":["P1 db config"],"fullName":"P1 db config uses userData sqlite path for prod mode","status":"passed","title":"uses userData sqlite path for prod mode","duration":0.18954099999996288,"failureMessages":[],"meta":{}},{"ancestorTitles":["P1 db config"],"fullName":"P1 db config uses TEST_DB_PATH when in test mode","status":"passed","title":"uses TEST_DB_PATH when in test mode","duration":0.3458329999999705,"failureMessages":[],"meta":{}},{"ancestorTitles":["P1 db config"],"fullName":"P1 db config falls back to temp sqlite path in test mode","status":"passed","title":"falls back to temp sqlite path in test mode","duration":0.6710839999999507,"failureMessages":[],"meta":{}},{"ancestorTitles":["P1 db config"],"fullName":"P1 db config builds a full runtime config with defaults","status":"passed","title":"builds a full runtime config with defaults","duration":0.1932920000000422,"failureMessages":[],"meta":{}}],"startTime":1770877635410,"endTime":1770877635412.6711,"status":"passed","message":"","name":"/Users/xuxianbang/Documents/payroll system/China/payroll-app/src/lib/p1.db-config.unit.spec.ts"},{"assertionResults":[{"ancestorTitles":["P1 db migrator"],"fullName":"P1 db migrator applies pending sql files in lexical order and records schema version","status":"passed","title":"applies pending sql files in lexical order and records schema version","duration":9.060791999999992,"failureMessages":[],"meta":{}},{"ancestorTitles":["P1 db migrator"],"fullName":"P1 db migrator does not mark a failed migration as applied","status":"passed","title":"does not mark a failed migration as applied","duration":2.651707999999985,"failureMessages":[],"meta":{}}],"startTime":1770877635427,"endTime":1770877635438.6516,"status":"passed","message":"","name":"/Users/xuxianbang/Documents/payroll system/China/payroll-app/src/lib/p1.db-migrator.unit.spec.ts"},{"assertionResults":[{"ancestorTitles":["P1 db reset and sandbox"],"fullName":"P1 db reset and sandbox creates isolated test db sandbox with cleanup","status":"passed","title":"creates isolated test db sandbox with cleanup","duration":1.0139169999999922,"failureMessages":[],"meta":{}},{"ancestorTitles":["P1 db reset and sandbox"],"fullName":"P1 db reset and sandbox resets business tables in test mode but keeps migration metadata","status":"passed","title":"resets business tables in test mode but keeps migration metadata","duration":6.472833000000037,"failureMessages":[],"meta":{}},{"ancestorTitles":["P1 db reset and sandbox"],"fullName":"P1 db reset and sandbox rejects reset outside test mode","status":"passed","title":"rejects reset outside test mode","duration":2.66924999999992,"failureMessages":[],"meta":{}}],"startTime":1770877635441,"endTime":1770877635450.6692,"status":"passed","message":"","name":"/Users/xuxianbang/Documents/payroll system/China/payroll-app/src/lib/p1.db-reset.unit.spec.ts"}]}