{"numTotalTestSuites":46,"numPassedTestSuites":46,"numFailedTestSuites":0,"numPendingTestSuites":0,"numTotalTests":64,"numPassedTests":64,"numFailedTests":0,"numPendingTests":0,"numTodoTests":0,"snapshot":{"added":0,"failure":false,"filesAdded":0,"filesRemoved":0,"filesRemovedList":[],"filesUnmatched":0,"filesUpdated":0,"matched":0,"total":0,"unchecked":0,"uncheckedKeysByFile":[],"unmatched":0,"updated":0,"didUpdate":false},"startTime":1771061354380,"success":true,"testResults":[{"assertionResults":[{"ancestorTitles":["P0 navigation config"],"fullName":"P0 navigation config contains required top-level categories","status":"passed","title":"contains required top-level categories","duration":0.7779160000000047,"failureMessages":[],"meta":{}},{"ancestorTitles":["P0 navigation config"],"fullName":"P0 navigation config ensures each nav item has valid route and i18n key","status":"passed","title":"ensures each nav item has valid route and i18n key","duration":0.6106250000000273,"failureMessages":[],"meta":{}}],"startTime":1771061357821,"endTime":1771061357822.6106,"status":"passed","message":"","name":"/Users/xuxianbang/Documents/payroll system/China/payroll-app/src/config/p0.navigation.unit.spec.ts"},{"assertionResults":[{"ancestorTitles":["P0 i18n"],"fullName":"P0 i18n switches among zh-CN, zh-HK and en with correct app name","status":"passed","title":"switches among zh-CN, zh-HK and en with correct app name","duration":3.6684580000001006,"failureMessages":[],"meta":{}}],"startTime":1771061357800,"endTime":1771061357803.6685,"status":"passed","message":"","name":"/Users/xuxianbang/Documents/payroll system/China/payroll-app/src/i18n/p0.i18n.unit.spec.ts"},{"assertionResults":[{"ancestorTitles":["P0 app store"],"fullName":"P0 app store initial state shape is valid","status":"passed","title":"initial state shape is valid","duration":0.8755840000000035,"failureMessages":[],"meta":{}},{"ancestorTitles":["P0 app store"],"fullName":"P0 app store toggleNavPanel toggles open/close state","status":"passed","title":"toggleNavPanel toggles open/close state","duration":0.15741700000000947,"failureMessages":[],"meta":{}},{"ancestorTitles":["P0 app store"],"fullName":"P0 app store hydrateExternalState updates language and month from persisted source","status":"passed","title":"hydrateExternalState updates language and month from persisted source","duration":0.1080419999999549,"failureMessages":[],"meta":{}}],"startTime":1771061357820,"endTime":1771061357821.1575,"status":"passed","message":"","name":"/Users/xuxianbang/Documents/payroll system/China/payroll-app/src/stores/p0.app-store.unit.spec.ts"},{"assertionResults":[{"ancestorTitles":["P1 employee store"],"fullName":"P1 employee store loads employee list and company options","status":"passed","title":"loads employee list and company options","duration":1.756917000000044,"failureMessages":[],"meta":{}},{"ancestorTitles":["P1 employee store"],"fullName":"P1 employee store adds employee with incremental id and persists","status":"passed","title":"adds employee with incremental id and persists","duration":0.5307920000000195,"failureMessages":[],"meta":{}},{"ancestorTitles":["P1 employee store"],"fullName":"P1 employee store updates and deletes employee","status":"passed","title":"updates and deletes employee","duration":0.30008299999997234,"failureMessages":[],"meta":{}},{"ancestorTitles":["P1 employee store"],"fullName":"P1 employee store validates required fields for add action","status":"passed","title":"validates required fields for add action","duration":0.2931669999999258,"failureMessages":[],"meta":{}}],"startTime":1771061357227,"endTime":1771061357230.2932,"status":"passed","message":"","name":"/Users/xuxianbang/Documents/payroll system/China/payroll-app/src/stores/p1.employee-store.unit.spec.ts"},{"assertionResults":[{"ancestorTitles":["P1 settings store"],"fullName":"P1 settings store loads settings and computes org statistics","status":"passed","title":"loads settings and computes org statistics","duration":3.4227919999999585,"failureMessages":[],"meta":{}},{"ancestorTitles":["P1 settings store"],"fullName":"P1 settings store rejects empty org name before save","status":"passed","title":"rejects empty org name before save","duration":1.6348339999999553,"failureMessages":[],"meta":{}},{"ancestorTitles":["P1 settings store"],"fullName":"P1 settings store persists social and company updates","status":"passed","title":"persists social and company updates","duration":20.08583299999998,"failureMessages":[],"meta":{}}],"startTime":1771061357048,"endTime":1771061357074.086,"status":"passed","message":"","name":"/Users/xuxianbang/Documents/payroll system/China/payroll-app/src/stores/p1.settings-store.unit.spec.ts"},{"assertionResults":[{"ancestorTitles":["P0 layout navigation"],"fullName":"P0 layout navigation shows month picker on payroll routes","status":"passed","title":"shows month picker on payroll routes","duration":66.15625,"failureMessages":[],"meta":{}},{"ancestorTitles":["P0 layout navigation"],"fullName":"P0 layout navigation opens panel after clicking menu button","status":"passed","title":"opens panel after clicking menu button","duration":331.00637499999993,"failureMessages":[],"meta":{}}],"startTime":1771061356384,"endTime":1771061356782.0063,"status":"passed","message":"","name":"/Users/xuxianbang/Documents/payroll system/China/payroll-app/src/layouts/p0.layout-navigation.component.spec.tsx"},{"assertionResults":[{"ancestorTitles":["P1 employee list page"],"fullName":"P1 employee list page supports inline edit and persists list","status":"passed","title":"supports inline edit and persists list","duration":802.4579999999999,"failureMessages":[],"meta":{}}],"startTime":1771061356001,"endTime":1771061356803.458,"status":"passed","message":"","name":"/Users/xuxianbang/Documents/payroll system/China/payroll-app/src/pages/employee/p1.employee-list.component.spec.tsx"},{"assertionResults":[{"ancestorTitles":["P1 org settings page"],"fullName":"P1 org settings page loads metrics and saves edited org name","status":"passed","title":"loads metrics and saves edited org name","duration":413.576458,"failureMessages":[],"meta":{}}],"startTime":1771061355828,"endTime":1771061356241.5764,"status":"passed","message":"","name":"/Users/xuxianbang/Documents/payroll system/China/payroll-app/src/pages/settings/p1.org-settings.component.spec.tsx"},{"assertionResults":[{"ancestorTitles":["P0 electron store bridge"],"fullName":"P0 electron store bridge returns null when preload bridge is unavailable","status":"passed","title":"returns null when preload bridge is unavailable","duration":1.8354160000000093,"failureMessages":[],"meta":{}},{"ancestorTitles":["P0 electron store bridge"],"fullName":"P0 electron store bridge reads ui state from preload bridge","status":"passed","title":"reads ui state from preload bridge","duration":3.955832999999984,"failureMessages":[],"meta":{}},{"ancestorTitles":["P0 electron store bridge"],"fullName":"P0 electron store bridge writes ui state to preload bridge","status":"passed","title":"writes ui state to preload bridge","duration":1.2560000000000855,"failureMessages":[],"meta":{}}],"startTime":1771061357231,"endTime":1771061357238.256,"status":"passed","message":"","name":"/Users/xuxianbang/Documents/payroll system/China/payroll-app/src/lib/p0.electron-bridge.unit.spec.ts"},{"assertionResults":[{"ancestorTitles":["P1 ABI switcher core"],"fullName":"P1 ABI switcher core parses valid abi targets","status":"passed","title":"parses valid abi targets","duration":0.614832999999976,"failureMessages":[],"meta":{}},{"ancestorTitles":["P1 ABI switcher core"],"fullName":"P1 ABI switcher core throws for invalid abi target","status":"passed","title":"throws for invalid abi target","duration":0.42945799999995415,"failureMessages":[],"meta":{}},{"ancestorTitles":["P1 ABI switcher core"],"fullName":"P1 ABI switcher core skips rebuild when marker matches and binary exists","status":"passed","title":"skips rebuild when marker matches and binary exists","duration":0.09012499999994361,"failureMessages":[],"meta":{}},{"ancestorTitles":["P1 ABI switcher core"],"fullName":"P1 ABI switcher core rebuilds when marker mismatches","status":"passed","title":"rebuilds when marker mismatches","duration":0.06791599999996834,"failureMessages":[],"meta":{}},{"ancestorTitles":["P1 ABI switcher core"],"fullName":"P1 ABI switcher core rebuilds when binary is missing","status":"passed","title":"rebuilds when binary is missing","duration":0.06241699999998218,"failureMessages":[],"meta":{}},{"ancestorTitles":["P1 ABI switcher core"],"fullName":"P1 ABI switcher core resolves rebuild command for both runtimes","status":"passed","title":"resolves rebuild command for both runtimes","duration":0.37133299999993596,"failureMessages":[],"meta":{}}],"startTime":1771061357814,"endTime":1771061357815.3713,"status":"passed","message":"","name":"/Users/xuxianbang/Documents/payroll system/China/payroll-app/src/lib/p1.abi-switcher.unit.spec.ts"},{"assertionResults":[{"ancestorTitles":["P1 backup files preload bridge"],"fullName":"P1 backup files preload bridge returns null-safe values when file bridge is unavailable","status":"passed","title":"returns null-safe values when file bridge is unavailable","duration":0.9405410000000529,"failureMessages":[],"meta":{}},{"ancestorTitles":["P1 backup files preload bridge"],"fullName":"P1 backup files preload bridge invokes save/open channels and returns typed payloads","status":"passed","title":"invokes save/open channels and returns typed payloads","duration":0.8327080000000251,"failureMessages":[],"meta":{}}],"startTime":1771061357189,"endTime":1771061357190.8328,"status":"passed","message":"","name":"/Users/xuxianbang/Documents/payroll system/China/payroll-app/src/lib/p1.backup-files-bridge.unit.spec.ts"},{"assertionResults":[{"ancestorTitles":["P1 db admin bridge"],"fullName":"P1 db admin bridge returns null when db bridge is unavailable","status":"passed","title":"returns null when db bridge is unavailable","duration":3.1386250000000473,"failureMessages":[],"meta":{}},{"ancestorTitles":["P1 db admin bridge"],"fullName":"P1 db admin bridge reads db runtime info from preload bridge","status":"passed","title":"reads db runtime info from preload bridge","duration":1.549333000000047,"failureMessages":[],"meta":{}},{"ancestorTitles":["P1 db admin bridge"],"fullName":"P1 db admin bridge calls reset via preload bridge","status":"passed","title":"calls reset via preload bridge","duration":1.2250419999999167,"failureMessages":[],"meta":{}}],"startTime":1771061357667,"endTime":1771061357673.225,"status":"passed","message":"","name":"/Users/xuxianbang/Documents/payroll system/China/payroll-app/src/lib/p1.db-admin-bridge.unit.spec.ts"},{"assertionResults":[{"ancestorTitles":["P1 db config"],"fullName":"P1 db config defaults to production-safe modes for invalid env values","status":"passed","title":"defaults to production-safe modes for invalid env values","duration":0.6298340000000735,"failureMessages":[],"meta":{}},{"ancestorTitles":["P1 db config"],"fullName":"P1 db config uses userData sqlite path for prod mode","status":"passed","title":"uses userData sqlite path for prod mode","duration":0.31675000000007003,"failureMessages":[],"meta":{}},{"ancestorTitles":["P1 db config"],"fullName":"P1 db config uses TEST_DB_PATH when in test mode","status":"passed","title":"uses TEST_DB_PATH when in test mode","duration":0.288332999999966,"failureMessages":[],"meta":{}},{"ancestorTitles":["P1 db config"],"fullName":"P1 db config falls back to temp sqlite path in test mode","status":"passed","title":"falls back to temp sqlite path in test mode","duration":2.533790999999951,"failureMessages":[],"meta":{}},{"ancestorTitles":["P1 db config"],"fullName":"P1 db config builds a full runtime config with defaults","status":"passed","title":"builds a full runtime config with defaults","duration":0.5498750000000427,"failureMessages":[],"meta":{}}],"startTime":1771061357292,"endTime":1771061357296.5498,"status":"passed","message":"","name":"/Users/xuxianbang/Documents/payroll system/China/payroll-app/src/lib/p1.db-config.unit.spec.ts"},{"assertionResults":[{"ancestorTitles":["P1 db migrator"],"fullName":"P1 db migrator applies pending sql files in lexical order and records schema version","status":"passed","title":"applies pending sql files in lexical order and records schema version","duration":11.12404099999992,"failureMessages":[],"meta":{}},{"ancestorTitles":["P1 db migrator"],"fullName":"P1 db migrator does not mark a failed migration as applied","status":"passed","title":"does not mark a failed migration as applied","duration":3.4927079999999933,"failureMessages":[],"meta":{}},{"ancestorTitles":["P1 db migrator"],"fullName":"P1 db migrator resolves default migrations directory from project source tree","status":"passed","title":"resolves default migrations directory from project source tree","duration":0.25025000000005093,"failureMessages":[],"meta":{}}],"startTime":1771061356358,"endTime":1771061356373.2502,"status":"passed","message":"","name":"/Users/xuxianbang/Documents/payroll system/China/payroll-app/src/lib/p1.db-migrator.unit.spec.ts"},{"assertionResults":[{"ancestorTitles":["P1 db reset and sandbox"],"fullName":"P1 db reset and sandbox creates isolated test db sandbox with cleanup","status":"passed","title":"creates isolated test db sandbox with cleanup","duration":1.4475419999999986,"failureMessages":[],"meta":{}},{"ancestorTitles":["P1 db reset and sandbox"],"fullName":"P1 db reset and sandbox resets business tables in test mode but keeps migration metadata","status":"passed","title":"resets business tables in test mode but keeps migration metadata","duration":16.164333000000056,"failureMessages":[],"meta":{}},{"ancestorTitles":["P1 db reset and sandbox"],"fullName":"P1 db reset and sandbox rejects reset outside test mode","status":"passed","title":"rejects reset outside test mode","duration":3.545333000000028,"failureMessages":[],"meta":{}}],"startTime":1771061355408,"endTime":1771061355429.5454,"status":"passed","message":"","name":"/Users/xuxianbang/Documents/payroll system/China/payroll-app/src/lib/p1.db-reset.unit.spec.ts"},{"assertionResults":[{"ancestorTitles":["P1 electron app paths"],"fullName":"P1 electron app paths resolves ../dist/index.html for legacy dist-electron/main.js layout","status":"passed","title":"resolves ../dist/index.html for legacy dist-electron/main.js layout","duration":1.755625000000009,"failureMessages":[],"meta":{}},{"ancestorTitles":["P1 electron app paths"],"fullName":"P1 electron app paths falls back to ../../dist/index.html for dist-electron/electron/main.js layout","status":"passed","title":"falls back to ../../dist/index.html for dist-electron/electron/main.js layout","duration":1.0288339999999607,"failureMessages":[],"meta":{}},{"ancestorTitles":["P1 electron app paths"],"fullName":"P1 electron app paths throws a clear error when renderer index file cannot be found","status":"passed","title":"throws a clear error when renderer index file cannot be found","duration":1.4300839999999653,"failureMessages":[],"meta":{}}],"startTime":1771061356384,"endTime":1771061356387.4302,"status":"passed","message":"","name":"/Users/xuxianbang/Documents/payroll system/China/payroll-app/src/lib/p1.electron-app-paths.unit.spec.ts"},{"assertionResults":[{"ancestorTitles":["P1 electron GUI guard"],"fullName":"P1 electron GUI guard allows non-mac runtimes","status":"passed","title":"allows non-mac runtimes","duration":0.5239160000000993,"failureMessages":[],"meta":{}},{"ancestorTitles":["P1 electron GUI guard"],"fullName":"P1 electron GUI guard blocks macOS Codex by default","status":"passed","title":"blocks macOS Codex by default","duration":0.15179200000000037,"failureMessages":[],"meta":{}},{"ancestorTitles":["P1 electron GUI guard"],"fullName":"P1 electron GUI guard allows macOS Codex when override is enabled","status":"passed","title":"allows macOS Codex when override is enabled","duration":0.07220800000004601,"failureMessages":[],"meta":{}},{"ancestorTitles":["P1 electron GUI guard"],"fullName":"P1 electron GUI guard allows regular macOS shells","status":"passed","title":"allows regular macOS shells","duration":0.06412499999999,"failureMessages":[],"meta":{}}],"startTime":1771061357862,"endTime":1771061357863.1519,"status":"passed","message":"","name":"/Users/xuxianbang/Documents/payroll system/China/payroll-app/src/lib/p1.electron-gui-guard.unit.spec.ts"},{"assertionResults":[{"ancestorTitles":["P1 employee import/export utilities"],"fullName":"P1 employee import/export utilities creates template workbook with standard columns","status":"passed","title":"creates template workbook with standard columns","duration":31.716625000000022,"failureMessages":[],"meta":{}},{"ancestorTitles":["P1 employee import/export utilities"],"fullName":"P1 employee import/export utilities parses workbook and validates required/numeric fields","status":"passed","title":"parses workbook and validates required/numeric fields","duration":16.6256249999999,"failureMessages":[],"meta":{}},{"ancestorTitles":["P1 employee import/export utilities"],"fullName":"P1 employee import/export utilities detects import conflicts by name + idCard","status":"passed","title":"detects import conflicts by name + idCard","duration":0.28483399999981884,"failureMessages":[],"meta":{}},{"ancestorTitles":["P1 employee import/export utilities"],"fullName":"P1 employee import/export utilities merges imported rows with overwrite and skip policies","status":"passed","title":"merges imported rows with overwrite and skip policies","duration":1.790707999999995,"failureMessages":[],"meta":{}},{"ancestorTitles":["P1 employee import/export utilities"],"fullName":"P1 employee import/export utilities exports workbook rows from employee list","status":"passed","title":"exports workbook rows from employee list","duration":3.902832999999873,"failureMessages":[],"meta":{}}],"startTime":1771061355529,"endTime":1771061355583.9028,"status":"passed","message":"","name":"/Users/xuxianbang/Documents/payroll system/China/payroll-app/src/lib/p1.employee-import-export.unit.spec.ts"},{"assertionResults":[{"ancestorTitles":["P1 repository preload bridge"],"fullName":"P1 repository preload bridge returns null-safe values when repository bridge is unavailable","status":"passed","title":"returns null-safe values when repository bridge is unavailable","duration":7.176499999999919,"failureMessages":[],"meta":{}},{"ancestorTitles":["P1 repository preload bridge"],"fullName":"P1 repository preload bridge invokes each repository channel and returns typed payloads","status":"passed","title":"invokes each repository channel and returns typed payloads","duration":1.2865830000000642,"failureMessages":[],"meta":{}}],"startTime":1771061357612,"endTime":1771061357620.2866,"status":"passed","message":"","name":"/Users/xuxianbang/Documents/payroll system/China/payroll-app/src/lib/p1.repository-bridge.unit.spec.ts"},{"assertionResults":[{"ancestorTitles":["P1 repository clear data"],"fullName":"P1 repository clear data clears business tables and restores defaults","status":"passed","title":"clears business tables and restores defaults","duration":15.669957999999951,"failureMessages":[],"meta":{}}],"startTime":1771061356420,"endTime":1771061356435.67,"status":"passed","message":"","name":"/Users/xuxianbang/Documents/payroll system/China/payroll-app/src/lib/p1.repository-clear-data.unit.spec.ts"},{"assertionResults":[{"ancestorTitles":["P1 migration 0002 employee id integer"],"fullName":"P1 migration 0002 employee id integer migrates employee and payroll foreign keys from TEXT ids to INTEGER ids","status":"passed","title":"migrates employee and payroll foreign keys from TEXT ids to INTEGER ids","duration":44.019791000000055,"failureMessages":[],"meta":{}}],"startTime":1771061355428,"endTime":1771061355472.0198,"status":"passed","message":"","name":"/Users/xuxianbang/Documents/payroll system/China/payroll-app/src/lib/p1.repository-migration-0002.unit.spec.ts"},{"assertionResults":[{"ancestorTitles":["P1 repository switching"],"fullName":"P1 repository switching switches read source between legacy and sqlite","status":"passed","title":"switches read source between legacy and sqlite","duration":2.0532080000000406,"failureMessages":[],"meta":{}},{"ancestorTitles":["P1 repository switching"],"fullName":"P1 repository switching routes writes by WRITE_MODE legacy/sqlite/dual","status":"passed","title":"routes writes by WRITE_MODE legacy/sqlite/dual","duration":0.4484590000000708,"failureMessages":[],"meta":{}},{"ancestorTitles":["P1 repository switching"],"fullName":"P1 repository switching routes clearData by WRITE_MODE legacy/sqlite/dual","status":"passed","title":"routes clearData by WRITE_MODE legacy/sqlite/dual","duration":0.7259999999999991,"failureMessages":[],"meta":{}},{"ancestorTitles":["P1 repository switching"],"fullName":"P1 repository switching throws DualWriteError and logs structured fields when dual write is inconsistent","status":"passed","title":"throws DualWriteError and logs structured fields when dual write is inconsistent","duration":0.6503750000000537,"failureMessages":[],"meta":{}},{"ancestorTitles":["P1 repository switching"],"fullName":"P1 repository switching normalizes legacy backup payload to extended shape","status":"passed","title":"normalizes legacy backup payload to extended shape","duration":0.7496250000000373,"failureMessages":[],"meta":{}}],"startTime":1771061355423,"endTime":1771061355427.7495,"status":"passed","message":"","name":"/Users/xuxianbang/Documents/payroll system/China/payroll-app/src/lib/p1.repository-switching.unit.spec.ts"},{"assertionResults":[{"ancestorTitles":["cn"],"fullName":"cn merges tailwind classes with later override","status":"passed","title":"merges tailwind classes with later override","duration":4.23720800000001,"failureMessages":[],"meta":{}}],"startTime":1771061356347,"endTime":1771061356351.2373,"status":"passed","message":"","name":"/Users/xuxianbang/Documents/payroll system/China/payroll-app/src/lib/utils.test.ts"}]}