{"numTotalTestSuites":30,"numPassedTestSuites":30,"numFailedTestSuites":0,"numPendingTestSuites":0,"numTotalTests":42,"numPassedTests":42,"numFailedTests":0,"numPendingTests":0,"numTodoTests":0,"snapshot":{"added":0,"failure":false,"filesAdded":0,"filesRemoved":0,"filesRemovedList":[],"filesUnmatched":0,"filesUpdated":0,"matched":0,"total":0,"unchecked":0,"uncheckedKeysByFile":[],"unmatched":0,"updated":0,"didUpdate":false},"startTime":1770891801393,"success":true,"testResults":[{"assertionResults":[{"ancestorTitles":["P0 navigation config"],"fullName":"P0 navigation config contains required top-level categories","status":"passed","title":"contains required top-level categories","duration":0.7554999999999836,"failureMessages":[],"meta":{}},{"ancestorTitles":["P0 navigation config"],"fullName":"P0 navigation config ensures each nav item has valid route and i18n key","status":"passed","title":"ensures each nav item has valid route and i18n key","duration":0.6177920000000086,"failureMessages":[],"meta":{}}],"startTime":1770891804936,"endTime":1770891804937.6177,"status":"passed","message":"","name":"/Users/xuxianbang/Documents/payroll system/China/payroll-app/src/config/p0.navigation.unit.spec.ts"},{"assertionResults":[{"ancestorTitles":["P0 i18n"],"fullName":"P0 i18n switches among zh-CN, zh-HK and en with correct app name","status":"passed","title":"switches among zh-CN, zh-HK and en with correct app name","duration":4.416375000000016,"failureMessages":[],"meta":{}}],"startTime":1770891802820,"endTime":1770891802824.4163,"status":"passed","message":"","name":"/Users/xuxianbang/Documents/payroll system/China/payroll-app/src/i18n/p0.i18n.unit.spec.ts"},{"assertionResults":[{"ancestorTitles":["P0 electron store bridge"],"fullName":"P0 electron store bridge returns null when preload bridge is unavailable","status":"passed","title":"returns null when preload bridge is unavailable","duration":0.6862500000002001,"failureMessages":[],"meta":{}},{"ancestorTitles":["P0 electron store bridge"],"fullName":"P0 electron store bridge reads ui state from preload bridge","status":"passed","title":"reads ui state from preload bridge","duration":1.1097089999998389,"failureMessages":[],"meta":{}},{"ancestorTitles":["P0 electron store bridge"],"fullName":"P0 electron store bridge writes ui state to preload bridge","status":"passed","title":"writes ui state to preload bridge","duration":0.3787920000002032,"failureMessages":[],"meta":{}}],"startTime":1770891804554,"endTime":1770891804556.379,"status":"passed","message":"","name":"/Users/xuxianbang/Documents/payroll system/China/payroll-app/src/lib/p0.electron-bridge.unit.spec.ts"},{"assertionResults":[{"ancestorTitles":["P1 ABI switcher core"],"fullName":"P1 ABI switcher core parses valid abi targets","status":"passed","title":"parses valid abi targets","duration":0.6982920000000377,"failureMessages":[],"meta":{}},{"ancestorTitles":["P1 ABI switcher core"],"fullName":"P1 ABI switcher core throws for invalid abi target","status":"passed","title":"throws for invalid abi target","duration":0.4320420000001377,"failureMessages":[],"meta":{}},{"ancestorTitles":["P1 ABI switcher core"],"fullName":"P1 ABI switcher core skips rebuild when marker matches and binary exists","status":"passed","title":"skips rebuild when marker matches and binary exists","duration":0.08587500000021464,"failureMessages":[],"meta":{}},{"ancestorTitles":["P1 ABI switcher core"],"fullName":"P1 ABI switcher core rebuilds when marker mismatches","status":"passed","title":"rebuilds when marker mismatches","duration":0.07033300000011877,"failureMessages":[],"meta":{}},{"ancestorTitles":["P1 ABI switcher core"],"fullName":"P1 ABI switcher core rebuilds when binary is missing","status":"passed","title":"rebuilds when binary is missing","duration":0.06158400000003894,"failureMessages":[],"meta":{}},{"ancestorTitles":["P1 ABI switcher core"],"fullName":"P1 ABI switcher core resolves rebuild command for both runtimes","status":"passed","title":"resolves rebuild command for both runtimes","duration":0.3676669999999831,"failureMessages":[],"meta":{}}],"startTime":1770891804935,"endTime":1770891804937.3677,"status":"passed","message":"","name":"/Users/xuxianbang/Documents/payroll system/China/payroll-app/src/lib/p1.abi-switcher.unit.spec.ts"},{"assertionResults":[{"ancestorTitles":["P1 db admin bridge"],"fullName":"P1 db admin bridge returns null when db bridge is unavailable","status":"passed","title":"returns null when db bridge is unavailable","duration":6.129042000000027,"failureMessages":[],"meta":{}},{"ancestorTitles":["P1 db admin bridge"],"fullName":"P1 db admin bridge reads db runtime info from preload bridge","status":"passed","title":"reads db runtime info from preload bridge","duration":1.6579159999998865,"failureMessages":[],"meta":{}},{"ancestorTitles":["P1 db admin bridge"],"fullName":"P1 db admin bridge calls reset via preload bridge","status":"passed","title":"calls reset via preload bridge","duration":3.291832999999997,"failureMessages":[],"meta":{}}],"startTime":1770891803846,"endTime":1770891803857.2917,"status":"passed","message":"","name":"/Users/xuxianbang/Documents/payroll system/China/payroll-app/src/lib/p1.db-admin-bridge.unit.spec.ts"},{"assertionResults":[{"ancestorTitles":["P1 db config"],"fullName":"P1 db config defaults to production-safe modes for invalid env values","status":"passed","title":"defaults to production-safe modes for invalid env values","duration":1.5696250000000873,"failureMessages":[],"meta":{}},{"ancestorTitles":["P1 db config"],"fullName":"P1 db config uses userData sqlite path for prod mode","status":"passed","title":"uses userData sqlite path for prod mode","duration":0.16591700000003584,"failureMessages":[],"meta":{}},{"ancestorTitles":["P1 db config"],"fullName":"P1 db config uses TEST_DB_PATH when in test mode","status":"passed","title":"uses TEST_DB_PATH when in test mode","duration":0.07891700000004676,"failureMessages":[],"meta":{}},{"ancestorTitles":["P1 db config"],"fullName":"P1 db config falls back to temp sqlite path in test mode","status":"passed","title":"falls back to temp sqlite path in test mode","duration":6.855374999999867,"failureMessages":[],"meta":{}},{"ancestorTitles":["P1 db config"],"fullName":"P1 db config builds a full runtime config with defaults","status":"passed","title":"builds a full runtime config with defaults","duration":0.7326669999999922,"failureMessages":[],"meta":{}}],"startTime":1770891804475,"endTime":1770891804484.7327,"status":"passed","message":"","name":"/Users/xuxianbang/Documents/payroll system/China/payroll-app/src/lib/p1.db-config.unit.spec.ts"},{"assertionResults":[{"ancestorTitles":["P1 db migrator"],"fullName":"P1 db migrator applies pending sql files in lexical order and records schema version","status":"passed","title":"applies pending sql files in lexical order and records schema version","duration":20.294624999999996,"failureMessages":[],"meta":{}},{"ancestorTitles":["P1 db migrator"],"fullName":"P1 db migrator does not mark a failed migration as applied","status":"passed","title":"does not mark a failed migration as applied","duration":3.4858339999998407,"failureMessages":[],"meta":{}},{"ancestorTitles":["P1 db migrator"],"fullName":"P1 db migrator resolves default migrations directory from project source tree","status":"passed","title":"resolves default migrations directory from project source tree","duration":0.2543329999998605,"failureMessages":[],"meta":{}}],"startTime":1770891802739,"endTime":1770891802763.4858,"status":"passed","message":"","name":"/Users/xuxianbang/Documents/payroll system/China/payroll-app/src/lib/p1.db-migrator.unit.spec.ts"},{"assertionResults":[{"ancestorTitles":["P1 db reset and sandbox"],"fullName":"P1 db reset and sandbox creates isolated test db sandbox with cleanup","status":"passed","title":"creates isolated test db sandbox with cleanup","duration":1.5192500000000564,"failureMessages":[],"meta":{}},{"ancestorTitles":["P1 db reset and sandbox"],"fullName":"P1 db reset and sandbox resets business tables in test mode but keeps migration metadata","status":"passed","title":"resets business tables in test mode but keeps migration metadata","duration":21.07508299999995,"failureMessages":[],"meta":{}},{"ancestorTitles":["P1 db reset and sandbox"],"fullName":"P1 db reset and sandbox rejects reset outside test mode","status":"passed","title":"rejects reset outside test mode","duration":4.93204199999991,"failureMessages":[],"meta":{}}],"startTime":1770891802776,"endTime":1770891802803.9321,"status":"passed","message":"","name":"/Users/xuxianbang/Documents/payroll system/China/payroll-app/src/lib/p1.db-reset.unit.spec.ts"},{"assertionResults":[{"ancestorTitles":["P1 electron app paths"],"fullName":"P1 electron app paths resolves ../dist/index.html for legacy dist-electron/main.js layout","status":"passed","title":"resolves ../dist/index.html for legacy dist-electron/main.js layout","duration":5.107000000000198,"failureMessages":[],"meta":{}},{"ancestorTitles":["P1 electron app paths"],"fullName":"P1 electron app paths falls back to ../../dist/index.html for dist-electron/electron/main.js layout","status":"passed","title":"falls back to ../../dist/index.html for dist-electron/electron/main.js layout","duration":1.892041000000063,"failureMessages":[],"meta":{}},{"ancestorTitles":["P1 electron app paths"],"fullName":"P1 electron app paths throws a clear error when renderer index file cannot be found","status":"passed","title":"throws a clear error when renderer index file cannot be found","duration":1.08199999999988,"failureMessages":[],"meta":{}}],"startTime":1770891804524,"endTime":1770891804532.082,"status":"passed","message":"","name":"/Users/xuxianbang/Documents/payroll system/China/payroll-app/src/lib/p1.electron-app-paths.unit.spec.ts"},{"assertionResults":[{"ancestorTitles":["P1 repository preload bridge"],"fullName":"P1 repository preload bridge returns null-safe values when repository bridge is unavailable","status":"passed","title":"returns null-safe values when repository bridge is unavailable","duration":3.0997500000000855,"failureMessages":[],"meta":{}},{"ancestorTitles":["P1 repository preload bridge"],"fullName":"P1 repository preload bridge invokes each repository channel and returns typed payloads","status":"passed","title":"invokes each repository channel and returns typed payloads","duration":0.97199999999998,"failureMessages":[],"meta":{}}],"startTime":1770891804612,"endTime":1770891804615.972,"status":"passed","message":"","name":"/Users/xuxianbang/Documents/payroll system/China/payroll-app/src/lib/p1.repository-bridge.unit.spec.ts"},{"assertionResults":[{"ancestorTitles":["P1 migration 0002 employee id integer"],"fullName":"P1 migration 0002 employee id integer migrates employee and payroll foreign keys from TEXT ids to INTEGER ids","status":"passed","title":"migrates employee and payroll foreign keys from TEXT ids to INTEGER ids","duration":23.21870799999988,"failureMessages":[],"meta":{}}],"startTime":1770891802763,"endTime":1770891802786.2188,"status":"passed","message":"","name":"/Users/xuxianbang/Documents/payroll system/China/payroll-app/src/lib/p1.repository-migration-0002.unit.spec.ts"},{"assertionResults":[{"ancestorTitles":["P1 repository switching"],"fullName":"P1 repository switching switches read source between legacy and sqlite","status":"passed","title":"switches read source between legacy and sqlite","duration":1.9857909999998355,"failureMessages":[],"meta":{}},{"ancestorTitles":["P1 repository switching"],"fullName":"P1 repository switching routes writes by WRITE_MODE legacy/sqlite/dual","status":"passed","title":"routes writes by WRITE_MODE legacy/sqlite/dual","duration":0.435416000000032,"failureMessages":[],"meta":{}},{"ancestorTitles":["P1 repository switching"],"fullName":"P1 repository switching throws DualWriteError and logs structured fields when dual write is inconsistent","status":"passed","title":"throws DualWriteError and logs structured fields when dual write is inconsistent","duration":2.8789170000000013,"failureMessages":[],"meta":{}},{"ancestorTitles":["P1 repository switching"],"fullName":"P1 repository switching normalizes legacy backup payload to extended shape","status":"passed","title":"normalizes legacy backup payload to extended shape","duration":0.7634170000001177,"failureMessages":[],"meta":{}}],"startTime":1770891804461,"endTime":1770891804467.7634,"status":"passed","message":"","name":"/Users/xuxianbang/Documents/payroll system/China/payroll-app/src/lib/p1.repository-switching.unit.spec.ts"},{"assertionResults":[{"ancestorTitles":["cn"],"fullName":"cn merges tailwind classes with later override","status":"passed","title":"merges tailwind classes with later override","duration":7.29424999999992,"failureMessages":[],"meta":{}}],"startTime":1770891802731,"endTime":1770891802738.2942,"status":"passed","message":"","name":"/Users/xuxianbang/Documents/payroll system/China/payroll-app/src/lib/utils.test.ts"},{"assertionResults":[{"ancestorTitles":["P0 app store"],"fullName":"P0 app store initial state shape is valid","status":"passed","title":"initial state shape is valid","duration":2.7728340000001026,"failureMessages":[],"meta":{}},{"ancestorTitles":["P0 app store"],"fullName":"P0 app store toggleNavPanel toggles open/close state","status":"passed","title":"toggleNavPanel toggles open/close state","duration":5.212959000000183,"failureMessages":[],"meta":{}},{"ancestorTitles":["P0 app store"],"fullName":"P0 app store hydrateExternalState updates language and month from persisted source","status":"passed","title":"hydrateExternalState updates language and month from persisted source","duration":2.177415999999994,"failureMessages":[],"meta":{}}],"startTime":1770891802751,"endTime":1770891802762.1775,"status":"passed","message":"","name":"/Users/xuxianbang/Documents/payroll system/China/payroll-app/src/stores/p0.app-store.unit.spec.ts"},{"assertionResults":[{"ancestorTitles":["P0 layout navigation"],"fullName":"P0 layout navigation shows month picker on payroll routes","status":"passed","title":"shows month picker on payroll routes","duration":137.94841600000018,"failureMessages":[],"meta":{}},{"ancestorTitles":["P0 layout navigation"],"fullName":"P0 layout navigation opens panel after clicking menu button","status":"passed","title":"opens panel after clicking menu button","duration":971.5128329999998,"failureMessages":[],"meta":{}}],"startTime":1770891803424,"endTime":1770891804533.513,"status":"passed","message":"","name":"/Users/xuxianbang/Documents/payroll system/China/payroll-app/src/layouts/p0.layout-navigation.component.spec.tsx"}]}