{"numTotalTestSuites":4,"numPassedTestSuites":4,"numFailedTestSuites":0,"numPendingTestSuites":0,"numTotalTests":7,"numPassedTests":7,"numFailedTests":0,"numPendingTests":0,"numTodoTests":0,"snapshot":{"added":0,"failure":false,"filesAdded":0,"filesRemoved":0,"filesRemovedList":[],"filesUnmatched":0,"filesUpdated":0,"matched":0,"total":0,"unchecked":0,"uncheckedKeysByFile":[],"unmatched":0,"updated":0,"didUpdate":false},"startTime":1770875737626,"success":true,"testResults":[{"assertionResults":[{"ancestorTitles":["P1 db config"],"fullName":"P1 db config defaults to production-safe modes for invalid env values","status":"passed","title":"defaults to production-safe modes for invalid env values","duration":0.64812500000005,"failureMessages":[],"meta":{}},{"ancestorTitles":["P1 db config"],"fullName":"P1 db config uses userData sqlite path for prod mode","status":"passed","title":"uses userData sqlite path for prod mode","duration":0.15491700000006858,"failureMessages":[],"meta":{}},{"ancestorTitles":["P1 db config"],"fullName":"P1 db config uses TEST_DB_PATH when in test mode","status":"passed","title":"uses TEST_DB_PATH when in test mode","duration":0.0762920000000804,"failureMessages":[],"meta":{}},{"ancestorTitles":["P1 db config"],"fullName":"P1 db config falls back to temp sqlite path in test mode","status":"passed","title":"falls back to temp sqlite path in test mode","duration":0.3272499999999354,"failureMessages":[],"meta":{}},{"ancestorTitles":["P1 db config"],"fullName":"P1 db config builds a full runtime config with defaults","status":"passed","title":"builds a full runtime config with defaults","duration":0.1479580000000169,"failureMessages":[],"meta":{}}],"startTime":1770875738204,"endTime":1770875738205.3271,"status":"passed","message":"","name":"/Users/xuxianbang/Documents/payroll system/China/payroll-app/src/lib/p1.db-config.unit.spec.ts"},{"assertionResults":[{"ancestorTitles":["P1 db migrator"],"fullName":"P1 db migrator applies pending sql files in lexical order and records schema version","status":"passed","title":"applies pending sql files in lexical order and records schema version","duration":10.861666000000014,"failureMessages":[],"meta":{}},{"ancestorTitles":["P1 db migrator"],"fullName":"P1 db migrator does not mark a failed migration as applied","status":"passed","title":"does not mark a failed migration as applied","duration":2.285792000000015,"failureMessages":[],"meta":{}}],"startTime":1770875738210,"endTime":1770875738223.286,"status":"passed","message":"","name":"/Users/xuxianbang/Documents/payroll system/China/payroll-app/src/lib/p1.db-migrator.unit.spec.ts"}]}