{"numTotalTestSuites":6,"numPassedTestSuites":6,"numFailedTestSuites":0,"numPendingTestSuites":0,"numTotalTests":10,"numPassedTests":10,"numFailedTests":0,"numPendingTests":0,"numTodoTests":0,"snapshot":{"added":0,"failure":false,"filesAdded":0,"filesRemoved":0,"filesRemovedList":[],"filesUnmatched":0,"filesUpdated":0,"matched":0,"total":0,"unchecked":0,"uncheckedKeysByFile":[],"unmatched":0,"updated":0,"didUpdate":false},"startTime":1770877299443,"success":true,"testResults":[{"assertionResults":[{"ancestorTitles":["P1 db config"],"fullName":"P1 db config defaults to production-safe modes for invalid env values","status":"passed","title":"defaults to production-safe modes for invalid env values","duration":1.362875000000031,"failureMessages":[],"meta":{}},{"ancestorTitles":["P1 db config"],"fullName":"P1 db config uses userData sqlite path for prod mode","status":"passed","title":"uses userData sqlite path for prod mode","duration":0.6019579999999678,"failureMessages":[],"meta":{}},{"ancestorTitles":["P1 db config"],"fullName":"P1 db config uses TEST_DB_PATH when in test mode","status":"passed","title":"uses TEST_DB_PATH when in test mode","duration":0.12287500000002183,"failureMessages":[],"meta":{}},{"ancestorTitles":["P1 db config"],"fullName":"P1 db config falls back to temp sqlite path in test mode","status":"passed","title":"falls back to temp sqlite path in test mode","duration":0.6972079999999323,"failureMessages":[],"meta":{}},{"ancestorTitles":["P1 db config"],"fullName":"P1 db config builds a full runtime config with defaults","status":"passed","title":"builds a full runtime config with defaults","duration":0.19004200000006222,"failureMessages":[],"meta":{}}],"startTime":1770877300039,"endTime":1770877300042.19,"status":"passed","message":"","name":"/Users/xuxianbang/Documents/payroll system/China/payroll-app/src/lib/p1.db-config.unit.spec.ts"},{"assertionResults":[{"ancestorTitles":["P1 db migrator"],"fullName":"P1 db migrator applies pending sql files in lexical order and records schema version","status":"passed","title":"applies pending sql files in lexical order and records schema version","duration":13.301333,"failureMessages":[],"meta":{}},{"ancestorTitles":["P1 db migrator"],"fullName":"P1 db migrator does not mark a failed migration as applied","status":"passed","title":"does not mark a failed migration as applied","duration":2.665292000000022,"failureMessages":[],"meta":{}}],"startTime":1770877300043,"endTime":1770877300059.6653,"status":"passed","message":"","name":"/Users/xuxianbang/Documents/payroll system/China/payroll-app/src/lib/p1.db-migrator.unit.spec.ts"},{"assertionResults":[{"ancestorTitles":["P1 db reset and sandbox"],"fullName":"P1 db reset and sandbox creates isolated test db sandbox with cleanup","status":"passed","title":"creates isolated test db sandbox with cleanup","duration":1.4927920000000086,"failureMessages":[],"meta":{}},{"ancestorTitles":["P1 db reset and sandbox"],"fullName":"P1 db reset and sandbox resets business tables in test mode but keeps migration metadata","status":"passed","title":"resets business tables in test mode but keeps migration metadata","duration":7.174249999999915,"failureMessages":[],"meta":{}},{"ancestorTitles":["P1 db reset and sandbox"],"fullName":"P1 db reset and sandbox rejects reset outside test mode","status":"passed","title":"rejects reset outside test mode","duration":2.2278330000000324,"failureMessages":[],"meta":{}}],"startTime":1770877300060,"endTime":1770877300071.2278,"status":"passed","message":"","name":"/Users/xuxianbang/Documents/payroll system/China/payroll-app/src/lib/p1.db-reset.unit.spec.ts"}]}